Traceback (most recent call last):
  File "C:\Users\Heviaa\AppData\Local\Programs\Python\Python312\Lib\site-packages\jupyter_cache\executors\utils.py", line 58, in single_nb_execution
    executenb(
  File "C:\Users\Heviaa\AppData\Local\Programs\Python\Python312\Lib\site-packages\nbclient\client.py", line 1314, in execute
    return NotebookClient(nb=nb, resources=resources, km=km, **kwargs).execute()
           ^^^^^^^^^^^^^^^^^^^^^^^^^^^^^^^^^^^^^^^^^^^^^^^^^^^^^^^^^^^^^^^^^^^^^
  File "C:\Users\Heviaa\AppData\Local\Programs\Python\Python312\Lib\site-packages\jupyter_core\utils\__init__.py", line 165, in wrapped
    return loop.run_until_complete(inner)
           ^^^^^^^^^^^^^^^^^^^^^^^^^^^^^^
  File "C:\Users\Heviaa\AppData\Local\Programs\Python\Python312\Lib\asyncio\base_events.py", line 684, in run_until_complete
    return future.result()
           ^^^^^^^^^^^^^^^
  File "C:\Users\Heviaa\AppData\Local\Programs\Python\Python312\Lib\site-packages\nbclient\client.py", line 709, in async_execute
    await self.async_execute_cell(
  File "C:\Users\Heviaa\AppData\Local\Programs\Python\Python312\Lib\site-packages\nbclient\client.py", line 1062, in async_execute_cell
    await self._check_raise_for_error(cell, cell_index, exec_reply)
  File "C:\Users\Heviaa\AppData\Local\Programs\Python\Python312\Lib\site-packages\nbclient\client.py", line 918, in _check_raise_for_error
    raise CellExecutionError.from_cell_and_msg(cell, exec_reply_content)
nbclient.exceptions.CellExecutionError: An error occurred while executing the following cell:
------------------
import numpy as np
import pandas as pd
from sklearn.model_selection import train_test_split
from sklearn.preprocessing import MinMaxScaler
from sklearn.linear_model import LinearRegression
from sklearn.metrics import mean_squared_error

# Membaca data
df = pd.read_csv('https://raw.githubusercontent.com/DeviDuwiSusanti/dataset/main/data_saham_antam4.csv')

df['Adj Close Target'] = df['Adj Close'].shift(-1)
df = df[:-1]
print(df.head())

df.info()
print('Ukuran data ', df.shape)
------------------


[1;31m---------------------------------------------------------------------------[0m
[1;31mgaierror[0m                                  Traceback (most recent call last)
File [1;32m~\AppData\Local\Programs\Python\Python312\Lib\urllib\request.py:1344[0m, in [0;36mAbstractHTTPHandler.do_open[1;34m(self, http_class, req, **http_conn_args)[0m
[0;32m   1343[0m [38;5;28;01mtry[39;00m:
[1;32m-> 1344[0m     [43mh[49m[38;5;241;43m.[39;49m[43mrequest[49m[43m([49m[43mreq[49m[38;5;241;43m.[39;49m[43mget_method[49m[43m([49m[43m)[49m[43m,[49m[43m [49m[43mreq[49m[38;5;241;43m.[39;49m[43mselector[49m[43m,[49m[43m [49m[43mreq[49m[38;5;241;43m.[39;49m[43mdata[49m[43m,[49m[43m [49m[43mheaders[49m[43m,[49m
[0;32m   1345[0m [43m              [49m[43mencode_chunked[49m[38;5;241;43m=[39;49m[43mreq[49m[38;5;241;43m.[39;49m[43mhas_header[49m[43m([49m[38;5;124;43m'[39;49m[38;5;124;43mTransfer-encoding[39;49m[38;5;124;43m'[39;49m[43m)[49m[43m)[49m
[0;32m   1346[0m [38;5;28;01mexcept[39;00m [38;5;167;01mOSError[39;00m [38;5;28;01mas[39;00m err: [38;5;66;03m# timeout error[39;00m

File [1;32m~\AppData\Local\Programs\Python\Python312\Lib\http\client.py:1327[0m, in [0;36mHTTPConnection.request[1;34m(self, method, url, body, headers, encode_chunked)[0m
[0;32m   1326[0m [38;5;250m[39m[38;5;124;03m"""Send a complete request to the server."""[39;00m
[1;32m-> 1327[0m [38;5;28;43mself[39;49m[38;5;241;43m.[39;49m[43m_send_request[49m[43m([49m[43mmethod[49m[43m,[49m[43m [49m[43murl[49m[43m,[49m[43m [49m[43mbody[49m[43m,[49m[43m [49m[43mheaders[49m[43m,[49m[43m [49m[43mencode_chunked[49m[43m)[49m

File [1;32m~\AppData\Local\Programs\Python\Python312\Lib\http\client.py:1373[0m, in [0;36mHTTPConnection._send_request[1;34m(self, method, url, body, headers, encode_chunked)[0m
[0;32m   1372[0m     body [38;5;241m=[39m _encode(body, [38;5;124m'[39m[38;5;124mbody[39m[38;5;124m'[39m)
[1;32m-> 1373[0m [38;5;28;43mself[39;49m[38;5;241;43m.[39;49m[43mendheaders[49m[43m([49m[43mbody[49m[43m,[49m[43m [49m[43mencode_chunked[49m[38;5;241;43m=[39;49m[43mencode_chunked[49m[43m)[49m

File [1;32m~\AppData\Local\Programs\Python\Python312\Lib\http\client.py:1322[0m, in [0;36mHTTPConnection.endheaders[1;34m(self, message_body, encode_chunked)[0m
[0;32m   1321[0m     [38;5;28;01mraise[39;00m CannotSendHeader()
[1;32m-> 1322[0m [38;5;28;43mself[39;49m[38;5;241;43m.[39;49m[43m_send_output[49m[43m([49m[43mmessage_body[49m[43m,[49m[43m [49m[43mencode_chunked[49m[38;5;241;43m=[39;49m[43mencode_chunked[49m[43m)[49m

File [1;32m~\AppData\Local\Programs\Python\Python312\Lib\http\client.py:1081[0m, in [0;36mHTTPConnection._send_output[1;34m(self, message_body, encode_chunked)[0m
[0;32m   1080[0m [38;5;28;01mdel[39;00m [38;5;28mself[39m[38;5;241m.[39m_buffer[:]
[1;32m-> 1081[0m [38;5;28;43mself[39;49m[38;5;241;43m.[39;49m[43msend[49m[43m([49m[43mmsg[49m[43m)[49m
[0;32m   1083[0m [38;5;28;01mif[39;00m message_body [38;5;129;01mis[39;00m [38;5;129;01mnot[39;00m [38;5;28;01mNone[39;00m:
[0;32m   1084[0m 
[0;32m   1085[0m     [38;5;66;03m# create a consistent interface to message_body[39;00m

File [1;32m~\AppData\Local\Programs\Python\Python312\Lib\http\client.py:1025[0m, in [0;36mHTTPConnection.send[1;34m(self, data)[0m
[0;32m   1024[0m [38;5;28;01mif[39;00m [38;5;28mself[39m[38;5;241m.[39mauto_open:
[1;32m-> 1025[0m     [38;5;28;43mself[39;49m[38;5;241;43m.[39;49m[43mconnect[49m[43m([49m[43m)[49m
[0;32m   1026[0m [38;5;28;01melse[39;00m:

File [1;32m~\AppData\Local\Programs\Python\Python312\Lib\http\client.py:1461[0m, in [0;36mHTTPSConnection.connect[1;34m(self)[0m
[0;32m   1459[0m [38;5;124m"[39m[38;5;124mConnect to a host on a given (SSL) port.[39m[38;5;124m"[39m
[1;32m-> 1461[0m [38;5;28;43msuper[39;49m[43m([49m[43m)[49m[38;5;241;43m.[39;49m[43mconnect[49m[43m([49m[43m)[49m
[0;32m   1463[0m [38;5;28;01mif[39;00m [38;5;28mself[39m[38;5;241m.[39m_tunnel_host:

File [1;32m~\AppData\Local\Programs\Python\Python312\Lib\http\client.py:991[0m, in [0;36mHTTPConnection.connect[1;34m(self)[0m
[0;32m    990[0m sys[38;5;241m.[39maudit([38;5;124m"[39m[38;5;124mhttp.client.connect[39m[38;5;124m"[39m, [38;5;28mself[39m, [38;5;28mself[39m[38;5;241m.[39mhost, [38;5;28mself[39m[38;5;241m.[39mport)
[1;32m--> 991[0m [38;5;28mself[39m[38;5;241m.[39msock [38;5;241m=[39m [38;5;28;43mself[39;49m[38;5;241;43m.[39;49m[43m_create_connection[49m[43m([49m
[0;32m    992[0m [43m    [49m[43m([49m[38;5;28;43mself[39;49m[38;5;241;43m.[39;49m[43mhost[49m[43m,[49m[38;5;28;43mself[39;49m[38;5;241;43m.[39;49m[43mport[49m[43m)[49m[43m,[49m[43m [49m[38;5;28;43mself[39;49m[38;5;241;43m.[39;49m[43mtimeout[49m[43m,[49m[43m [49m[38;5;28;43mself[39;49m[38;5;241;43m.[39;49m[43msource_address[49m[43m)[49m
[0;32m    993[0m [38;5;66;03m# Might fail in OSs that don't implement TCP_NODELAY[39;00m

File [1;32m~\AppData\Local\Programs\Python\Python312\Lib\socket.py:828[0m, in [0;36mcreate_connection[1;34m(address, timeout, source_address, all_errors)[0m
[0;32m    827[0m exceptions [38;5;241m=[39m []
[1;32m--> 828[0m [38;5;28;01mfor[39;00m res [38;5;129;01min[39;00m [43mgetaddrinfo[49m[43m([49m[43mhost[49m[43m,[49m[43m [49m[43mport[49m[43m,[49m[43m [49m[38;5;241;43m0[39;49m[43m,[49m[43m [49m[43mSOCK_STREAM[49m[43m)[49m:
[0;32m    829[0m     af, socktype, proto, canonname, sa [38;5;241m=[39m res

File [1;32m~\AppData\Local\Programs\Python\Python312\Lib\socket.py:963[0m, in [0;36mgetaddrinfo[1;34m(host, port, family, type, proto, flags)[0m
[0;32m    962[0m addrlist [38;5;241m=[39m []
[1;32m--> 963[0m [38;5;28;01mfor[39;00m res [38;5;129;01min[39;00m [43m_socket[49m[38;5;241;43m.[39;49m[43mgetaddrinfo[49m[43m([49m[43mhost[49m[43m,[49m[43m [49m[43mport[49m[43m,[49m[43m [49m[43mfamily[49m[43m,[49m[43m [49m[38;5;28;43mtype[39;49m[43m,[49m[43m [49m[43mproto[49m[43m,[49m[43m [49m[43mflags[49m[43m)[49m:
[0;32m    964[0m     af, socktype, proto, canonname, sa [38;5;241m=[39m res

[1;31mgaierror[0m: [Errno 11001] getaddrinfo failed

During handling of the above exception, another exception occurred:

[1;31mURLError[0m                                  Traceback (most recent call last)
Cell [1;32mIn[1], line 9[0m
[0;32m      6[0m [38;5;28;01mfrom[39;00m [38;5;21;01msklearn[39;00m[38;5;21;01m.[39;00m[38;5;21;01mmetrics[39;00m [38;5;28;01mimport[39;00m mean_squared_error
[0;32m      8[0m [38;5;66;03m# Membaca data[39;00m
[1;32m----> 9[0m df [38;5;241m=[39m [43mpd[49m[38;5;241;43m.[39;49m[43mread_csv[49m[43m([49m[38;5;124;43m'[39;49m[38;5;124;43mhttps://raw.githubusercontent.com/DeviDuwiSusanti/dataset/main/data_saham_antam4.csv[39;49m[38;5;124;43m'[39;49m[43m)[49m
[0;32m     11[0m df[[38;5;124m'[39m[38;5;124mAdj Close Target[39m[38;5;124m'[39m] [38;5;241m=[39m df[[38;5;124m'[39m[38;5;124mAdj Close[39m[38;5;124m'[39m][38;5;241m.[39mshift([38;5;241m-[39m[38;5;241m1[39m)
[0;32m     12[0m df [38;5;241m=[39m df[:[38;5;241m-[39m[38;5;241m1[39m]

File [1;32m~\AppData\Local\Programs\Python\Python312\Lib\site-packages\pandas\io\parsers\readers.py:948[0m, in [0;36mread_csv[1;34m(filepath_or_buffer, sep, delimiter, header, names, index_col, usecols, dtype, engine, converters, true_values, false_values, skipinitialspace, skiprows, skipfooter, nrows, na_values, keep_default_na, na_filter, verbose, skip_blank_lines, parse_dates, infer_datetime_format, keep_date_col, date_parser, date_format, dayfirst, cache_dates, iterator, chunksize, compression, thousands, decimal, lineterminator, quotechar, quoting, doublequote, escapechar, comment, encoding, encoding_errors, dialect, on_bad_lines, delim_whitespace, low_memory, memory_map, float_precision, storage_options, dtype_backend)[0m
[0;32m    935[0m kwds_defaults [38;5;241m=[39m _refine_defaults_read(
[0;32m    936[0m     dialect,
[0;32m    937[0m     delimiter,
[1;32m   (...)[0m
[0;32m    944[0m     dtype_backend[38;5;241m=[39mdtype_backend,
[0;32m    945[0m )
[0;32m    946[0m kwds[38;5;241m.[39mupdate(kwds_defaults)
[1;32m--> 948[0m [38;5;28;01mreturn[39;00m [43m_read[49m[43m([49m[43mfilepath_or_buffer[49m[43m,[49m[43m [49m[43mkwds[49m[43m)[49m

File [1;32m~\AppData\Local\Programs\Python\Python312\Lib\site-packages\pandas\io\parsers\readers.py:611[0m, in [0;36m_read[1;34m(filepath_or_buffer, kwds)[0m
[0;32m    608[0m _validate_names(kwds[38;5;241m.[39mget([38;5;124m"[39m[38;5;124mnames[39m[38;5;124m"[39m, [38;5;28;01mNone[39;00m))
[0;32m    610[0m [38;5;66;03m# Create the parser.[39;00m
[1;32m--> 611[0m parser [38;5;241m=[39m [43mTextFileReader[49m[43m([49m[43mfilepath_or_buffer[49m[43m,[49m[43m [49m[38;5;241;43m*[39;49m[38;5;241;43m*[39;49m[43mkwds[49m[43m)[49m
[0;32m    613[0m [38;5;28;01mif[39;00m chunksize [38;5;129;01mor[39;00m iterator:
[0;32m    614[0m     [38;5;28;01mreturn[39;00m parser

File [1;32m~\AppData\Local\Programs\Python\Python312\Lib\site-packages\pandas\io\parsers\readers.py:1448[0m, in [0;36mTextFileReader.__init__[1;34m(self, f, engine, **kwds)[0m
[0;32m   1445[0m     [38;5;28mself[39m[38;5;241m.[39moptions[[38;5;124m"[39m[38;5;124mhas_index_names[39m[38;5;124m"[39m] [38;5;241m=[39m kwds[[38;5;124m"[39m[38;5;124mhas_index_names[39m[38;5;124m"[39m]
[0;32m   1447[0m [38;5;28mself[39m[38;5;241m.[39mhandles: IOHandles [38;5;241m|[39m [38;5;28;01mNone[39;00m [38;5;241m=[39m [38;5;28;01mNone[39;00m
[1;32m-> 1448[0m [38;5;28mself[39m[38;5;241m.[39m_engine [38;5;241m=[39m [38;5;28;43mself[39;49m[38;5;241;43m.[39;49m[43m_make_engine[49m[43m([49m[43mf[49m[43m,[49m[43m [49m[38;5;28;43mself[39;49m[38;5;241;43m.[39;49m[43mengine[49m[43m)[49m

File [1;32m~\AppData\Local\Programs\Python\Python312\Lib\site-packages\pandas\io\parsers\readers.py:1705[0m, in [0;36mTextFileReader._make_engine[1;34m(self, f, engine)[0m
[0;32m   1703[0m     [38;5;28;01mif[39;00m [38;5;124m"[39m[38;5;124mb[39m[38;5;124m"[39m [38;5;129;01mnot[39;00m [38;5;129;01min[39;00m mode:
[0;32m   1704[0m         mode [38;5;241m+[39m[38;5;241m=[39m [38;5;124m"[39m[38;5;124mb[39m[38;5;124m"[39m
[1;32m-> 1705[0m [38;5;28mself[39m[38;5;241m.[39mhandles [38;5;241m=[39m [43mget_handle[49m[43m([49m
[0;32m   1706[0m [43m    [49m[43mf[49m[43m,[49m
[0;32m   1707[0m [43m    [49m[43mmode[49m[43m,[49m
[0;32m   1708[0m [43m    [49m[43mencoding[49m[38;5;241;43m=[39;49m[38;5;28;43mself[39;49m[38;5;241;43m.[39;49m[43moptions[49m[38;5;241;43m.[39;49m[43mget[49m[43m([49m[38;5;124;43m"[39;49m[38;5;124;43mencoding[39;49m[38;5;124;43m"[39;49m[43m,[49m[43m [49m[38;5;28;43;01mNone[39;49;00m[43m)[49m[43m,[49m
[0;32m   1709[0m [43m    [49m[43mcompression[49m[38;5;241;43m=[39;49m[38;5;28;43mself[39;49m[38;5;241;43m.[39;49m[43moptions[49m[38;5;241;43m.[39;49m[43mget[49m[43m([49m[38;5;124;43m"[39;49m[38;5;124;43mcompression[39;49m[38;5;124;43m"[39;49m[43m,[49m[43m [49m[38;5;28;43;01mNone[39;49;00m[43m)[49m[43m,[49m
[0;32m   1710[0m [43m    [49m[43mmemory_map[49m[38;5;241;43m=[39;49m[38;5;28;43mself[39;49m[38;5;241;43m.[39;49m[43moptions[49m[38;5;241;43m.[39;49m[43mget[49m[43m([49m[38;5;124;43m"[39;49m[38;5;124;43mmemory_map[39;49m[38;5;124;43m"[39;49m[43m,[49m[43m [49m[38;5;28;43;01mFalse[39;49;00m[43m)[49m[43m,[49m
[0;32m   1711[0m [43m    [49m[43mis_text[49m[38;5;241;43m=[39;49m[43mis_text[49m[43m,[49m
[0;32m   1712[0m [43m    [49m[43merrors[49m[38;5;241;43m=[39;49m[38;5;28;43mself[39;49m[38;5;241;43m.[39;49m[43moptions[49m[38;5;241;43m.[39;49m[43mget[49m[43m([49m[38;5;124;43m"[39;49m[38;5;124;43mencoding_errors[39;49m[38;5;124;43m"[39;49m[43m,[49m[43m [49m[38;5;124;43m"[39;49m[38;5;124;43mstrict[39;49m[38;5;124;43m"[39;49m[43m)[49m[43m,[49m
[0;32m   1713[0m [43m    [49m[43mstorage_options[49m[38;5;241;43m=[39;49m[38;5;28;43mself[39;49m[38;5;241;43m.[39;49m[43moptions[49m[38;5;241;43m.[39;49m[43mget[49m[43m([49m[38;5;124;43m"[39;49m[38;5;124;43mstorage_options[39;49m[38;5;124;43m"[39;49m[43m,[49m[43m [49m[38;5;28;43;01mNone[39;49;00m[43m)[49m[43m,[49m
[0;32m   1714[0m [43m[49m[43m)[49m
[0;32m   1715[0m [38;5;28;01massert[39;00m [38;5;28mself[39m[38;5;241m.[39mhandles [38;5;129;01mis[39;00m [38;5;129;01mnot[39;00m [38;5;28;01mNone[39;00m
[0;32m   1716[0m f [38;5;241m=[39m [38;5;28mself[39m[38;5;241m.[39mhandles[38;5;241m.[39mhandle

File [1;32m~\AppData\Local\Programs\Python\Python312\Lib\site-packages\pandas\io\common.py:718[0m, in [0;36mget_handle[1;34m(path_or_buf, mode, encoding, compression, memory_map, is_text, errors, storage_options)[0m
[0;32m    715[0m     codecs[38;5;241m.[39mlookup_error(errors)
[0;32m    717[0m [38;5;66;03m# open URLs[39;00m
[1;32m--> 718[0m ioargs [38;5;241m=[39m [43m_get_filepath_or_buffer[49m[43m([49m
[0;32m    719[0m [43m    [49m[43mpath_or_buf[49m[43m,[49m
[0;32m    720[0m [43m    [49m[43mencoding[49m[38;5;241;43m=[39;49m[43mencoding[49m[43m,[49m
[0;32m    721[0m [43m    [49m[43mcompression[49m[38;5;241;43m=[39;49m[43mcompression[49m[43m,[49m
[0;32m    722[0m [43m    [49m[43mmode[49m[38;5;241;43m=[39;49m[43mmode[49m[43m,[49m
[0;32m    723[0m [43m    [49m[43mstorage_options[49m[38;5;241;43m=[39;49m[43mstorage_options[49m[43m,[49m
[0;32m    724[0m [43m[49m[43m)[49m
[0;32m    726[0m handle [38;5;241m=[39m ioargs[38;5;241m.[39mfilepath_or_buffer
[0;32m    727[0m handles: [38;5;28mlist[39m[BaseBuffer]

File [1;32m~\AppData\Local\Programs\Python\Python312\Lib\site-packages\pandas\io\common.py:372[0m, in [0;36m_get_filepath_or_buffer[1;34m(filepath_or_buffer, encoding, compression, mode, storage_options)[0m
[0;32m    370[0m [38;5;66;03m# assuming storage_options is to be interpreted as headers[39;00m
[0;32m    371[0m req_info [38;5;241m=[39m urllib[38;5;241m.[39mrequest[38;5;241m.[39mRequest(filepath_or_buffer, headers[38;5;241m=[39mstorage_options)
[1;32m--> 372[0m [38;5;28;01mwith[39;00m [43murlopen[49m[43m([49m[43mreq_info[49m[43m)[49m [38;5;28;01mas[39;00m req:
[0;32m    373[0m     content_encoding [38;5;241m=[39m req[38;5;241m.[39mheaders[38;5;241m.[39mget([38;5;124m"[39m[38;5;124mContent-Encoding[39m[38;5;124m"[39m, [38;5;28;01mNone[39;00m)
[0;32m    374[0m     [38;5;28;01mif[39;00m content_encoding [38;5;241m==[39m [38;5;124m"[39m[38;5;124mgzip[39m[38;5;124m"[39m:
[0;32m    375[0m         [38;5;66;03m# Override compression based on Content-Encoding header[39;00m

File [1;32m~\AppData\Local\Programs\Python\Python312\Lib\site-packages\pandas\io\common.py:274[0m, in [0;36murlopen[1;34m(*args, **kwargs)[0m
[0;32m    268[0m [38;5;250m[39m[38;5;124;03m"""[39;00m
[0;32m    269[0m [38;5;124;03mLazy-import wrapper for stdlib urlopen, as that imports a big chunk of[39;00m
[0;32m    270[0m [38;5;124;03mthe stdlib.[39;00m
[0;32m    271[0m [38;5;124;03m"""[39;00m
[0;32m    272[0m [38;5;28;01mimport[39;00m [38;5;21;01murllib[39;00m[38;5;21;01m.[39;00m[38;5;21;01mrequest[39;00m
[1;32m--> 274[0m [38;5;28;01mreturn[39;00m [43murllib[49m[38;5;241;43m.[39;49m[43mrequest[49m[38;5;241;43m.[39;49m[43murlopen[49m[43m([49m[38;5;241;43m*[39;49m[43margs[49m[43m,[49m[43m [49m[38;5;241;43m*[39;49m[38;5;241;43m*[39;49m[43mkwargs[49m[43m)[49m

File [1;32m~\AppData\Local\Programs\Python\Python312\Lib\urllib\request.py:215[0m, in [0;36murlopen[1;34m(url, data, timeout, cafile, capath, cadefault, context)[0m
[0;32m    213[0m [38;5;28;01melse[39;00m:
[0;32m    214[0m     opener [38;5;241m=[39m _opener
[1;32m--> 215[0m [38;5;28;01mreturn[39;00m [43mopener[49m[38;5;241;43m.[39;49m[43mopen[49m[43m([49m[43murl[49m[43m,[49m[43m [49m[43mdata[49m[43m,[49m[43m [49m[43mtimeout[49m[43m)[49m

File [1;32m~\AppData\Local\Programs\Python\Python312\Lib\urllib\request.py:515[0m, in [0;36mOpenerDirector.open[1;34m(self, fullurl, data, timeout)[0m
[0;32m    512[0m     req [38;5;241m=[39m meth(req)
[0;32m    514[0m sys[38;5;241m.[39maudit([38;5;124m'[39m[38;5;124murllib.Request[39m[38;5;124m'[39m, req[38;5;241m.[39mfull_url, req[38;5;241m.[39mdata, req[38;5;241m.[39mheaders, req[38;5;241m.[39mget_method())
[1;32m--> 515[0m response [38;5;241m=[39m [38;5;28;43mself[39;49m[38;5;241;43m.[39;49m[43m_open[49m[43m([49m[43mreq[49m[43m,[49m[43m [49m[43mdata[49m[43m)[49m
[0;32m    517[0m [38;5;66;03m# post-process response[39;00m
[0;32m    518[0m meth_name [38;5;241m=[39m protocol[38;5;241m+[39m[38;5;124m"[39m[38;5;124m_response[39m[38;5;124m"[39m

File [1;32m~\AppData\Local\Programs\Python\Python312\Lib\urllib\request.py:532[0m, in [0;36mOpenerDirector._open[1;34m(self, req, data)[0m
[0;32m    529[0m     [38;5;28;01mreturn[39;00m result
[0;32m    531[0m protocol [38;5;241m=[39m req[38;5;241m.[39mtype
[1;32m--> 532[0m result [38;5;241m=[39m [38;5;28;43mself[39;49m[38;5;241;43m.[39;49m[43m_call_chain[49m[43m([49m[38;5;28;43mself[39;49m[38;5;241;43m.[39;49m[43mhandle_open[49m[43m,[49m[43m [49m[43mprotocol[49m[43m,[49m[43m [49m[43mprotocol[49m[43m [49m[38;5;241;43m+[39;49m
[0;32m    533[0m [43m                          [49m[38;5;124;43m'[39;49m[38;5;124;43m_open[39;49m[38;5;124;43m'[39;49m[43m,[49m[43m [49m[43mreq[49m[43m)[49m
[0;32m    534[0m [38;5;28;01mif[39;00m result:
[0;32m    535[0m     [38;5;28;01mreturn[39;00m result

File [1;32m~\AppData\Local\Programs\Python\Python312\Lib\urllib\request.py:492[0m, in [0;36mOpenerDirector._call_chain[1;34m(self, chain, kind, meth_name, *args)[0m
[0;32m    490[0m [38;5;28;01mfor[39;00m handler [38;5;129;01min[39;00m handlers:
[0;32m    491[0m     func [38;5;241m=[39m [38;5;28mgetattr[39m(handler, meth_name)
[1;32m--> 492[0m     result [38;5;241m=[39m [43mfunc[49m[43m([49m[38;5;241;43m*[39;49m[43margs[49m[43m)[49m
[0;32m    493[0m     [38;5;28;01mif[39;00m result [38;5;129;01mis[39;00m [38;5;129;01mnot[39;00m [38;5;28;01mNone[39;00m:
[0;32m    494[0m         [38;5;28;01mreturn[39;00m result

File [1;32m~\AppData\Local\Programs\Python\Python312\Lib\urllib\request.py:1392[0m, in [0;36mHTTPSHandler.https_open[1;34m(self, req)[0m
[0;32m   1391[0m [38;5;28;01mdef[39;00m [38;5;21mhttps_open[39m([38;5;28mself[39m, req):
[1;32m-> 1392[0m     [38;5;28;01mreturn[39;00m [38;5;28;43mself[39;49m[38;5;241;43m.[39;49m[43mdo_open[49m[43m([49m[43mhttp[49m[38;5;241;43m.[39;49m[43mclient[49m[38;5;241;43m.[39;49m[43mHTTPSConnection[49m[43m,[49m[43m [49m[43mreq[49m[43m,[49m
[0;32m   1393[0m [43m                        [49m[43mcontext[49m[38;5;241;43m=[39;49m[38;5;28;43mself[39;49m[38;5;241;43m.[39;49m[43m_context[49m[43m)[49m

File [1;32m~\AppData\Local\Programs\Python\Python312\Lib\urllib\request.py:1347[0m, in [0;36mAbstractHTTPHandler.do_open[1;34m(self, http_class, req, **http_conn_args)[0m
[0;32m   1344[0m         h[38;5;241m.[39mrequest(req[38;5;241m.[39mget_method(), req[38;5;241m.[39mselector, req[38;5;241m.[39mdata, headers,
[0;32m   1345[0m                   encode_chunked[38;5;241m=[39mreq[38;5;241m.[39mhas_header([38;5;124m'[39m[38;5;124mTransfer-encoding[39m[38;5;124m'[39m))
[0;32m   1346[0m     [38;5;28;01mexcept[39;00m [38;5;167;01mOSError[39;00m [38;5;28;01mas[39;00m err: [38;5;66;03m# timeout error[39;00m
[1;32m-> 1347[0m         [38;5;28;01mraise[39;00m URLError(err)
[0;32m   1348[0m     r [38;5;241m=[39m h[38;5;241m.[39mgetresponse()
[0;32m   1349[0m [38;5;28;01mexcept[39;00m:

[1;31mURLError[0m: <urlopen error [Errno 11001] getaddrinfo failed>

